  Application.cpp
c:\opengl_games\16isosurf\engine/TrackBall.h(114): warning C4244: 'initializing': conversion from 'int' to 'float', possible loss of data
c:\opengl_games\16isosurf\engine/TrackBall.h(117): warning C4244: 'argument': conversion from 'int' to 'float', possible loss of data
c:\opengl_games\16isosurf\engine/TrackBall.h(118): warning C4244: 'argument': conversion from 'int' to 'float', possible loss of data
c:\opengl_games\16isosurf\engine/TrackBall.h(144): warning C4244: 'argument': conversion from 'int' to 'float', possible loss of data
c:\opengl_games\16isosurf\engine/TrackBall.h(153): warning C4244: 'argument': conversion from 'int' to 'float', possible loss of data
  Barrel.cpp
  Bloom.cpp
Bloom.cpp(112): warning C4244: 'argument': conversion from 'float' to 'GLsizei', possible loss of data
Bloom.cpp(150): warning C4244: 'argument': conversion from 'float' to 'GLsizei', possible loss of data
  CharacterSetBmp.cpp
  Cubemap.cpp
Cubemap.cpp(21): warning C4018: '<': signed/unsigned mismatch
Cubemap.cpp(36): warning C4018: '<': signed/unsigned mismatch
  AnimatedMesh.cpp
c:\opengl_games\16isosurf\engine\animation\animatedmodel\../ColladaLoader\ColladaLoader.h(44): warning C4018: '<': signed/unsigned mismatch
engine\animation\AnimatedModel\AnimatedMesh.cpp(90): warning C4018: '<': signed/unsigned mismatch
engine\animation\AnimatedModel\AnimatedMesh.cpp(119): warning C4018: '<': signed/unsigned mismatch
  AnimatedModel.cpp
c:\opengl_games\16isosurf\engine\animation\animatedmodel\../ColladaLoader\ColladaLoader.h(44): warning C4018: '<': signed/unsigned mismatch
  Animator2D.cpp
  Animation.cpp
c:\opengl_games\16isosurf\engine\animation\animator\..\ColladaLoader\ColladaLoader.h(44): warning C4018: '<': signed/unsigned mismatch
  Animator.cpp
c:\opengl_games\16isosurf\engine\animation\animator\..\ColladaLoader\ColladaLoader.h(44): warning C4018: '<': signed/unsigned mismatch
engine\animation\Animator\Animator.cpp(15): warning C4244: 'initializing': conversion from 'double' to 'float', possible loss of data
engine\animation\Animator\Animator.cpp(89): warning C4244: 'initializing': conversion from 'double' to 'float', possible loss of data
engine\animation\Animator\Animator.cpp(90): warning C4244: 'initializing': conversion from 'double' to 'float', possible loss of data
  ColladaLoader.cpp
c:\opengl_games\16isosurf\engine\animation\colladaloader\ColladaLoader.h(44): warning C4018: '<': signed/unsigned mismatch
engine\animation\ColladaLoader\ColladaLoader.cpp(130): warning C4244: 'initializing': conversion from 'double' to 'float', possible loss of data
engine\animation\ColladaLoader\ColladaLoader.cpp(133): warning C4018: '<': signed/unsigned mismatch
engine\animation\ColladaLoader\ColladaLoader.cpp(134): warning C4244: '=': conversion from 'double' to 'float', possible loss of data
engine\animation\ColladaLoader\ColladaLoader.cpp(148): warning C4244: 'initializing': conversion from 'double' to 'float', possible loss of data
engine\animation\ColladaLoader\ColladaLoader.cpp(151): warning C4018: '<': signed/unsigned mismatch
engine\animation\ColladaLoader\ColladaLoader.cpp(152): warning C4244: '=': conversion from 'double' to 'float', possible loss of data
engine\animation\ColladaLoader\ColladaLoader.cpp(166): warning C4244: 'initializing': conversion from 'double' to 'float', possible loss of data
engine\animation\ColladaLoader\ColladaLoader.cpp(169): warning C4018: '<': signed/unsigned mismatch
engine\animation\ColladaLoader\ColladaLoader.cpp(170): warning C4244: '=': conversion from 'double' to 'float', possible loss of data
engine\animation\ColladaLoader\ColladaLoader.cpp(254): warning C4244: 'argument': conversion from 'double' to 'float', possible loss of data
engine\animation\ColladaLoader\ColladaLoader.cpp(256): warning C4244: 'argument': conversion from 'double' to 'float', possible loss of data
engine\animation\ColladaLoader\ColladaLoader.cpp(273): warning C4244: 'argument': conversion from 'int' to 'float', possible loss of data
engine\animation\ColladaLoader\ColladaLoader.cpp(275): warning C4244: 'argument': conversion from 'int' to 'float', possible loss of data
engine\animation\ColladaLoader\ColladaLoader.cpp(291): warning C4018: '<': signed/unsigned mismatch
engine\animation\ColladaLoader\ColladaLoader.cpp(318): warning C4838: conversion from 'int' to 'float' requires a narrowing conversion
engine\animation\ColladaLoader\ColladaLoader.cpp(318): warning C4244: 'initializing': conversion from 'int' to 'float', possible loss of data
engine\animation\ColladaLoader\ColladaLoader.cpp(326): warning C4838: conversion from 'int' to 'float' requires a narrowing conversion
engine\animation\ColladaLoader\ColladaLoader.cpp(326): warning C4244: 'initializing': conversion from 'int' to 'float', possible loss of data
engine\animation\ColladaLoader\ColladaLoader.cpp(334): warning C4838: conversion from 'int' to 'float' requires a narrowing conversion
engine\animation\ColladaLoader\ColladaLoader.cpp(334): warning C4244: 'initializing': conversion from 'int' to 'float', possible loss of data
engine\animation\ColladaLoader\ColladaLoader.cpp(351): warning C4018: '<': signed/unsigned mismatch
engine\animation\ColladaLoader\ColladaLoader.cpp(355): warning C4244: 'argument': conversion from 'double' to 'float', possible loss of data
engine\animation\ColladaLoader\ColladaLoader.cpp(356): warning C4838: conversion from 'float' to 'unsigned int' requires a narrowing conversion
engine\animation\ColladaLoader\ColladaLoader.cpp(356): warning C4244: 'initializing': conversion from 'float' to 'unsigned int', possible loss of data
engine\animation\ColladaLoader\ColladaLoader.cpp(421): warning C4244: '=': conversion from 'double' to 'float', possible loss of data
engine\animation\ColladaLoader\ColladaLoader.cpp(426): warning C4244: '=': conversion from 'double' to 'float', possible loss of data
engine\animation\ColladaLoader\ColladaLoader.cpp(454): warning C4244: '=': conversion from 'double' to 'float', possible loss of data
engine\animation\ColladaLoader\ColladaLoader.cpp(459): warning C4244: '=': conversion from 'double' to 'float', possible loss of data
engine\animation\ColladaLoader\ColladaLoader.cpp(481): warning C4018: '<': signed/unsigned mismatch
engine\animation\ColladaLoader\ColladaLoader.cpp(537): warning C4244: 'argument': conversion from 'double' to 'float', possible loss of data
engine\animation\ColladaLoader\ColladaLoader.cpp(540): warning C4244: 'argument': conversion from 'double' to 'float', possible loss of data
engine\animation\ColladaLoader\ColladaLoader.cpp(558): warning C4244: '=': conversion from 'double' to 'float', possible loss of data
engine\animation\ColladaLoader\ColladaLoader.cpp(564): warning C4244: '=': conversion from 'double' to 'float', possible loss of data
  AnimationShader.cpp
c:\opengl_games\16isosurf\engine\animation\animatedmodel\../ColladaLoader\ColladaLoader.h(44): warning C4018: '<': signed/unsigned mismatch
engine\animation\Render\AnimationShader.cpp(13): warning C4267: 'argument': conversion from 'size_t' to 'const unsigned short', possible loss of data
  BuiltInShader.cpp
  Camera.cpp
engine\Camera.cpp(466): warning C4244: 'argument': conversion from 'double' to 'float', possible loss of data
engine\Camera.cpp(468): warning C4244: 'argument': conversion from 'double' to 'float', possible loss of data
engine\Camera.cpp(559): warning C4244: 'argument': conversion from 'double' to 'float', possible loss of data
engine\Camera.cpp(561): warning C4244: 'argument': conversion from 'double' to 'float', possible loss of data
engine\Camera.cpp(669): warning C4267: '=': conversion from 'size_t' to 'short', possible loss of data
  Cube.cpp
  Framebuffer.cpp
  ApplicationEventListener.cpp
  EventDispatcher.cpp
  KeyBoard.cpp
  KeyboardEventListener.cpp
  Compiling...
  Mouse.cpp
engine\input\Mouse.cpp(179): warning C4244: '=': conversion from 'int' to 'float', possible loss of data
engine\input\Mouse.cpp(180): warning C4244: '=': conversion from 'int' to 'float', possible loss of data
engine\input\Mouse.cpp(203): warning C4244: '=': conversion from 'int' to 'float', possible loss of data
engine\input\Mouse.cpp(204): warning C4244: '=': conversion from 'int' to 'float', possible loss of data
engine\input\Mouse.cpp(229): warning C4838: conversion from 'UINT' to 'LONG' requires a narrowing conversion
engine\input\Mouse.cpp(274): warning C4244: '=': conversion from 'LONG' to 'float', possible loss of data
engine\input\Mouse.cpp(275): warning C4244: '=': conversion from 'LONG' to 'float', possible loss of data
  MouseEventListener.cpp
  Capsule.cpp
engine\MeshObject\Capsule.cpp(179): warning C4018: '<': signed/unsigned mismatch
engine\MeshObject\Capsule.cpp(184): warning C4018: '<': signed/unsigned mismatch
engine\MeshObject\Capsule.cpp(190): warning C4018: '<': signed/unsigned mismatch
  MeshCube.cpp
engine\MeshObject\MeshCube.cpp(71): warning C4018: '<=': signed/unsigned mismatch
engine\MeshObject\MeshCube.cpp(72): warning C4018: '<': signed/unsigned mismatch
engine\MeshObject\MeshCube.cpp(99): warning C4018: '<=': signed/unsigned mismatch
engine\MeshObject\MeshCube.cpp(127): warning C4018: '<=': signed/unsigned mismatch
engine\MeshObject\MeshCube.cpp(156): warning C4018: '<=': signed/unsigned mismatch
engine\MeshObject\MeshCube.cpp(157): warning C4018: '<': signed/unsigned mismatch
engine\MeshObject\MeshCube.cpp(184): warning C4018: '<=': signed/unsigned mismatch
engine\MeshObject\MeshCube.cpp(185): warning C4018: '<=': signed/unsigned mismatch
engine\MeshObject\MeshCube.cpp(212): warning C4018: '<=': signed/unsigned mismatch
engine\MeshObject\MeshCube.cpp(213): warning C4018: '<=': signed/unsigned mismatch
engine\MeshObject\MeshCube.cpp(238): warning C4018: '<': signed/unsigned mismatch
engine\MeshObject\MeshCube.cpp(240): warning C4018: '<': signed/unsigned mismatch
engine\MeshObject\MeshCube.cpp(255): warning C4018: '<': signed/unsigned mismatch
engine\MeshObject\MeshCube.cpp(268): warning C4018: '<=': signed/unsigned mismatch
engine\MeshObject\MeshCube.cpp(268): warning C4018: '<': signed/unsigned mismatch
engine\MeshObject\MeshCube.cpp(281): warning C4018: '<=': signed/unsigned mismatch
engine\MeshObject\MeshCube.cpp(281): warning C4018: '<': signed/unsigned mismatch
engine\MeshObject\MeshCube.cpp(294): warning C4018: '<=': signed/unsigned mismatch
engine\MeshObject\MeshCube.cpp(294): warning C4018: '<': signed/unsigned mismatch
engine\MeshObject\MeshCube.cpp(398): warning C4018: '<=': signed/unsigned mismatch
engine\MeshObject\MeshCube.cpp(399): warning C4018: '<=': signed/unsigned mismatch
engine\MeshObject\MeshCube.cpp(427): warning C4018: '<=': signed/unsigned mismatch
engine\MeshObject\MeshCube.cpp(428): warning C4018: '<=': signed/unsigned mismatch
engine\MeshObject\MeshCube.cpp(456): warning C4018: '<=': signed/unsigned mismatch
engine\MeshObject\MeshCube.cpp(457): warning C4018: '<=': signed/unsigned mismatch
engine\MeshObject\MeshCube.cpp(485): warning C4018: '<=': signed/unsigned mismatch
engine\MeshObject\MeshCube.cpp(486): warning C4018: '<=': signed/unsigned mismatch
engine\MeshObject\MeshCube.cpp(515): warning C4018: '<=': signed/unsigned mismatch
engine\MeshObject\MeshCube.cpp(516): warning C4018: '<=': signed/unsigned mismatch
engine\MeshObject\MeshCube.cpp(544): warning C4018: '<=': signed/unsigned mismatch
engine\MeshObject\MeshCube.cpp(545): warning C4018: '<=': signed/unsigned mismatch
  MeshCylinder.cpp
  MeshQuad.cpp
engine\MeshObject\MeshQuad.cpp(92): warning C4018: '<=': signed/unsigned mismatch
engine\MeshObject\MeshQuad.cpp(93): warning C4018: '<=': signed/unsigned mismatch
engine\MeshObject\MeshQuad.cpp(111): warning C4018: '<=': signed/unsigned mismatch
  MeshSphere.cpp
  MeshSpiral.cpp
engine\MeshObject\MeshSpiral.cpp(95): warning C4018: '<=': signed/unsigned mismatch
engine\MeshObject\MeshSpiral.cpp(105): warning C4018: '<=': signed/unsigned mismatch
engine\MeshObject\MeshSpiral.cpp(134): warning C4018: '<=': signed/unsigned mismatch
engine\MeshObject\MeshSpiral.cpp(144): warning C4018: '<=': signed/unsigned mismatch
engine\MeshObject\MeshSpiral.cpp(179): warning C4244: 'initializing': conversion from 'double' to 'float', possible loss of data
engine\MeshObject\MeshSpiral.cpp(185): warning C4018: '<=': signed/unsigned mismatch
engine\MeshObject\MeshSpiral.cpp(189): warning C4244: '=': conversion from 'double' to 'float', possible loss of data
engine\MeshObject\MeshSpiral.cpp(193): warning C4018: '<=': signed/unsigned mismatch
engine\MeshObject\MeshSpiral.cpp(194): warning C4244: 'argument': conversion from 'double' to 'float', possible loss of data
engine\MeshObject\MeshSpiral.cpp(214): warning C4018: '<=': signed/unsigned mismatch
engine\MeshObject\MeshSpiral.cpp(224): warning C4018: '<=': signed/unsigned mismatch
engine\MeshObject\MeshSpiral.cpp(266): warning C4018: '<': signed/unsigned mismatch
engine\MeshObject\MeshSpiral.cpp(268): warning C4018: '<': signed/unsigned mismatch
  MeshTorus.cpp
engine\MeshObject\MeshTorus.cpp(83): warning C4018: '<=': signed/unsigned mismatch
engine\MeshObject\MeshTorus.cpp(90): warning C4018: '<=': signed/unsigned mismatch
engine\MeshObject\MeshTorus.cpp(119): warning C4018: '<=': signed/unsigned mismatch
engine\MeshObject\MeshTorus.cpp(124): warning C4018: '<=': signed/unsigned mismatch
engine\MeshObject\MeshTorus.cpp(125): warning C4244: 'argument': conversion from 'double' to 'float', possible loss of data
engine\MeshObject\MeshTorus.cpp(139): warning C4018: '<=': signed/unsigned mismatch
engine\MeshObject\MeshTorus.cpp(147): warning C4018: '<=': signed/unsigned mismatch
engine\MeshObject\MeshTorus.cpp(171): warning C4018: '<=': signed/unsigned mismatch
engine\MeshObject\MeshTorus.cpp(179): warning C4018: '<=': signed/unsigned mismatch
engine\MeshObject\MeshTorus.cpp(199): warning C4018: '<=': signed/unsigned mismatch
engine\MeshObject\MeshTorus.cpp(207): warning C4018: '<=': signed/unsigned mismatch
engine\MeshObject\MeshTorus.cpp(263): warning C4018: '<': signed/unsigned mismatch
engine\MeshObject\MeshTorus.cpp(265): warning C4018: '<=': signed/unsigned mismatch
  Tetraedron.cpp
  TrackBall.cpp
  Transform.cpp
  ObjModel.cpp
engine\ObjModel.cpp(321): warning C4018: '<': signed/unsigned mismatch
engine\ObjModel.cpp(358): warning C4018: '<': signed/unsigned mismatch
engine\ObjModel.cpp(442): warning C4018: '<': signed/unsigned mismatch
engine\ObjModel.cpp(448): warning C4018: '<': signed/unsigned mismatch
engine\ObjModel.cpp(455): warning C4018: '<': signed/unsigned mismatch
engine\ObjModel.cpp(463): warning C4018: '<': signed/unsigned mismatch
engine\ObjModel.cpp(470): warning C4018: '<': signed/unsigned mismatch
engine\ObjModel.cpp(489): warning C4018: '<': signed/unsigned mismatch
engine\ObjModel.cpp(507): warning C4018: '<': signed/unsigned mismatch
engine\ObjModel.cpp(526): warning C4018: '<': signed/unsigned mismatch
engine\ObjModel.cpp(600): warning C4018: '<': signed/unsigned mismatch
engine\ObjModel.cpp(618): warning C4018: '<': signed/unsigned mismatch
engine\ObjModel.cpp(641): warning C4018: '<': signed/unsigned mismatch
engine\ObjModel.cpp(651): warning C4018: '<': signed/unsigned mismatch
engine\ObjModel.cpp(652): warning C4018: '<': signed/unsigned mismatch
engine\ObjModel.cpp(688): warning C4018: '<': signed/unsigned mismatch
engine\ObjModel.cpp(730): warning C4018: '<': signed/unsigned mismatch
engine\ObjModel.cpp(745): warning C4018: '<': signed/unsigned mismatch
engine\ObjModel.cpp(746): warning C4018: '<': signed/unsigned mismatch
engine\ObjModel.cpp(822): warning C4018: '<': signed/unsigned mismatch
engine\ObjModel.cpp(907): warning C4018: '<': signed/unsigned mismatch
engine\ObjModel.cpp(941): warning C4018: '<': signed/unsigned mismatch
engine\ObjModel.cpp(953): warning C4018: '<': signed/unsigned mismatch
engine\ObjModel.cpp(979): warning C4018: '<': signed/unsigned mismatch
engine\ObjModel.cpp(1046): warning C4018: '<': signed/unsigned mismatch
engine\ObjModel.cpp(1216): warning C4018: '<': signed/unsigned mismatch
engine\ObjModel.cpp(1449): warning C4018: '<': signed/unsigned mismatch
engine\ObjModel.cpp(1477): warning C4244: '=': conversion from 'int' to 'float', possible loss of data
engine\ObjModel.cpp(1524): warning C4018: '<': signed/unsigned mismatch
engine\ObjModel.cpp(1693): warning C4018: '<': signed/unsigned mismatch
engine\ObjModel.cpp(1721): warning C4018: '<': signed/unsigned mismatch
engine\ObjModel.cpp(1741): warning C4018: '<': signed/unsigned mismatch
engine\ObjModel.cpp(1758): warning C4018: '<': signed/unsigned mismatch
engine\ObjModel.cpp(1773): warning C4018: '<': signed/unsigned mismatch
engine\ObjModel.cpp(1919): warning C4018: '<=': signed/unsigned mismatch
engine\ObjModel.cpp(1943): warning C4018: '<': signed/unsigned mismatch
engine\ObjModel.cpp(1949): warning C4018: '<': signed/unsigned mismatch
engine\ObjModel.cpp(1954): warning C4018: '<': signed/unsigned mismatch
engine\ObjModel.cpp(1967): warning C4018: '<': signed/unsigned mismatch
engine\ObjModel.cpp(2059): warning C4018: '<': signed/unsigned mismatch
  PerlinNoise.cpp
  Quad.cpp
  Shader.cpp
  Spritesheet.cpp
  Texture.cpp
engine\Texture.cpp(40): warning C4018: '<': signed/unsigned mismatch
engine\Texture.cpp(55): warning C4018: '<': signed/unsigned mismatch
engine\Texture.cpp(413): warning C4244: '=': conversion from 'double' to 'unsigned char', possible loss of data
engine\Texture.cpp(414): warning C4244: '=': conversion from 'double' to 'unsigned char', possible loss of data
engine\Texture.cpp(415): warning C4244: '=': conversion from 'double' to 'unsigned char', possible loss of data
engine\Texture.cpp(446): warning C4018: '<': signed/unsigned mismatch
engine\Texture.cpp(614): warning C4018: '<': signed/unsigned mismatch
engine\Texture.cpp(798): warning C4018: '<': signed/unsigned mismatch
engine\Texture.cpp(802): warning C4244: '=': conversion from 'short' to 'unsigned char', possible loss of data
  Vector.cpp
  Entity.cpp
  Compiling...
  Fern.cpp
  FluidSystem.cpp
  Game.cpp
c:\opengl_games\16isosurf\engine/TrackBall.h(114): warning C4244: 'initializing': conversion from 'int' to 'float', possible loss of data
c:\opengl_games\16isosurf\engine/TrackBall.h(117): warning C4244: 'argument': conversion from 'int' to 'float', possible loss of data
c:\opengl_games\16isosurf\engine/TrackBall.h(118): warning C4244: 'argument': conversion from 'int' to 'float', possible loss of data
c:\opengl_games\16isosurf\engine/TrackBall.h(144): warning C4244: 'argument': conversion from 'int' to 'float', possible loss of data
c:\opengl_games\16isosurf\engine/TrackBall.h(153): warning C4244: 'argument': conversion from 'int' to 'float', possible loss of data
c:\opengl_games\16isosurf\teapot.h(346): warning C4838: conversion from 'double' to 'float' requires a narrowing conversion
c:\opengl_games\16isosurf\teapot.h(346): warning C4305: 'initializing': truncation from 'double' to 'float'
  main.cpp
c:\opengl_games\16isosurf\engine/TrackBall.h(114): warning C4244: 'initializing': conversion from 'int' to 'float', possible loss of data
c:\opengl_games\16isosurf\engine/TrackBall.h(117): warning C4244: 'argument': conversion from 'int' to 'float', possible loss of data
c:\opengl_games\16isosurf\engine/TrackBall.h(118): warning C4244: 'argument': conversion from 'int' to 'float', possible loss of data
c:\opengl_games\16isosurf\engine/TrackBall.h(144): warning C4244: 'argument': conversion from 'int' to 'float', possible loss of data
c:\opengl_games\16isosurf\engine/TrackBall.h(153): warning C4244: 'argument': conversion from 'int' to 'float', possible loss of data
  Object.cpp
  QuadTree.cpp
  Ray.cpp
  RenderableObject.cpp
  Skybox.cpp
  StateMachine.cpp
c:\opengl_games\16isosurf\engine/TrackBall.h(114): warning C4244: 'initializing': conversion from 'int' to 'float', possible loss of data
c:\opengl_games\16isosurf\engine/TrackBall.h(117): warning C4244: 'argument': conversion from 'int' to 'float', possible loss of data
c:\opengl_games\16isosurf\engine/TrackBall.h(118): warning C4244: 'argument': conversion from 'int' to 'float', possible loss of data
c:\opengl_games\16isosurf\engine/TrackBall.h(144): warning C4244: 'argument': conversion from 'int' to 'float', possible loss of data
c:\opengl_games\16isosurf\engine/TrackBall.h(153): warning C4244: 'argument': conversion from 'int' to 'float', possible loss of data
  Terrain.cpp
Terrain.cpp(820): warning C4018: '<': signed/unsigned mismatch
Terrain.cpp(821): warning C4018: '<': signed/unsigned mismatch
  Terrain2.cpp
  Text.cpp
c:\opengl_games\16isosurf\engine/TrackBall.h(114): warning C4244: 'initializing': conversion from 'int' to 'float', possible loss of data
c:\opengl_games\16isosurf\engine/TrackBall.h(117): warning C4244: 'argument': conversion from 'int' to 'float', possible loss of data
c:\opengl_games\16isosurf\engine/TrackBall.h(118): warning C4244: 'argument': conversion from 'int' to 'float', possible loss of data
c:\opengl_games\16isosurf\engine/TrackBall.h(144): warning C4244: 'argument': conversion from 'int' to 'float', possible loss of data
c:\opengl_games\16isosurf\engine/TrackBall.h(153): warning C4244: 'argument': conversion from 'int' to 'float', possible loss of data
Text.cpp(130): warning C4244: '=': conversion from 'float' to 'int', possible loss of data
Text.cpp(131): warning C4244: '=': conversion from 'float' to 'int', possible loss of data
Text.cpp(133): warning C4244: 'argument': conversion from 'int' to 'float', possible loss of data
  tinystr.cpp
  tinyxml.cpp
  tinyxmlerror.cpp
  tinyxmlparser.cpp
  Tree.cpp
  VolumeBuffer.cpp
  Water.cpp
c:\opengl_games\16isosurf\engine/TrackBall.h(114): warning C4244: 'initializing': conversion from 'int' to 'float', possible loss of data
c:\opengl_games\16isosurf\engine/TrackBall.h(117): warning C4244: 'argument': conversion from 'int' to 'float', possible loss of data
c:\opengl_games\16isosurf\engine/TrackBall.h(118): warning C4244: 'argument': conversion from 'int' to 'float', possible loss of data
c:\opengl_games\16isosurf\engine/TrackBall.h(144): warning C4244: 'argument': conversion from 'int' to 'float', possible loss of data
c:\opengl_games\16isosurf\engine/TrackBall.h(153): warning C4244: 'argument': conversion from 'int' to 'float', possible loss of data
  image_DXT.c
  image_helper.c
  SOIL2.c
  wfETC.c
  Generating code
  All 6751 functions were compiled because no usable IPDB/IOBJ from previous compilation was found.
  Finished generating code
  16Isosurf.vcxproj -> C:\OpenGL_Games\Release\16Isosurf.exe
  16Isosurf.vcxproj -> C:\OpenGL_Games\Release\16Isosurf.pdb (Full PDB)
