  Water.cpp
c:\opengl_games\16isosurf\engine\trackball.h(114): warning C4244: 'initializing': conversion from 'int' to 'float', possible loss of data
c:\opengl_games\16isosurf\engine\trackball.h(117): warning C4244: 'argument': conversion from 'int' to 'float', possible loss of data
c:\opengl_games\16isosurf\engine\trackball.h(118): warning C4244: 'argument': conversion from 'int' to 'float', possible loss of data
c:\opengl_games\16isosurf\engine\trackball.h(144): warning C4244: 'argument': conversion from 'int' to 'float', possible loss of data
c:\opengl_games\16isosurf\engine\trackball.h(153): warning C4244: 'argument': conversion from 'int' to 'float', possible loss of data
  VolumeBuffer.cpp
  Tree.cpp
  tinyxmlparser.cpp
  tinyxmlerror.cpp
  tinyxml.cpp
  tinystr.cpp
  Text.cpp
c:\opengl_games\16isosurf\engine\trackball.h(114): warning C4244: 'initializing': conversion from 'int' to 'float', possible loss of data
c:\opengl_games\16isosurf\engine\trackball.h(117): warning C4244: 'argument': conversion from 'int' to 'float', possible loss of data
c:\opengl_games\16isosurf\engine\trackball.h(118): warning C4244: 'argument': conversion from 'int' to 'float', possible loss of data
c:\opengl_games\16isosurf\engine\trackball.h(144): warning C4244: 'argument': conversion from 'int' to 'float', possible loss of data
c:\opengl_games\16isosurf\engine\trackball.h(153): warning C4244: 'argument': conversion from 'int' to 'float', possible loss of data
c:\opengl_games\16isosurf\text.cpp(130): warning C4244: '=': conversion from 'float' to 'int', possible loss of data
c:\opengl_games\16isosurf\text.cpp(131): warning C4244: '=': conversion from 'float' to 'int', possible loss of data
c:\opengl_games\16isosurf\text.cpp(133): warning C4244: 'argument': conversion from 'int' to 'float', possible loss of data
  Terrain2.cpp
  Terrain.cpp
c:\opengl_games\16isosurf\terrain.cpp(820): warning C4018: '<': signed/unsigned mismatch
c:\opengl_games\16isosurf\terrain.cpp(821): warning C4018: '<': signed/unsigned mismatch
  StateMachine.cpp
c:\opengl_games\16isosurf\engine\trackball.h(114): warning C4244: 'initializing': conversion from 'int' to 'float', possible loss of data
c:\opengl_games\16isosurf\engine\trackball.h(117): warning C4244: 'argument': conversion from 'int' to 'float', possible loss of data
c:\opengl_games\16isosurf\engine\trackball.h(118): warning C4244: 'argument': conversion from 'int' to 'float', possible loss of data
c:\opengl_games\16isosurf\engine\trackball.h(144): warning C4244: 'argument': conversion from 'int' to 'float', possible loss of data
c:\opengl_games\16isosurf\engine\trackball.h(153): warning C4244: 'argument': conversion from 'int' to 'float', possible loss of data
  Skybox.cpp
  RenderableObject.cpp
  Ray.cpp
  QuadTree.cpp
  Object.cpp
  main.cpp
c:\opengl_games\16isosurf\engine\trackball.h(114): warning C4244: 'initializing': conversion from 'int' to 'float', possible loss of data
c:\opengl_games\16isosurf\engine\trackball.h(117): warning C4244: 'argument': conversion from 'int' to 'float', possible loss of data
c:\opengl_games\16isosurf\engine\trackball.h(118): warning C4244: 'argument': conversion from 'int' to 'float', possible loss of data
c:\opengl_games\16isosurf\engine\trackball.h(144): warning C4244: 'argument': conversion from 'int' to 'float', possible loss of data
c:\opengl_games\16isosurf\engine\trackball.h(153): warning C4244: 'argument': conversion from 'int' to 'float', possible loss of data
  Game.cpp
c:\opengl_games\16isosurf\engine\trackball.h(114): warning C4244: 'initializing': conversion from 'int' to 'float', possible loss of data
c:\opengl_games\16isosurf\engine\trackball.h(117): warning C4244: 'argument': conversion from 'int' to 'float', possible loss of data
c:\opengl_games\16isosurf\engine\trackball.h(118): warning C4244: 'argument': conversion from 'int' to 'float', possible loss of data
c:\opengl_games\16isosurf\engine\trackball.h(144): warning C4244: 'argument': conversion from 'int' to 'float', possible loss of data
c:\opengl_games\16isosurf\engine\trackball.h(153): warning C4244: 'argument': conversion from 'int' to 'float', possible loss of data
c:\opengl_games\16isosurf\teapot.h(346): warning C4838: conversion from 'double' to 'float' requires a narrowing conversion
c:\opengl_games\16isosurf\teapot.h(346): warning C4305: 'initializing': truncation from 'double' to 'float'
  FluidSystem.cpp
  Fern.cpp
  Generating Code...
  Compiling...
  Entity.cpp
  Vector.cpp
  Texture.cpp
c:\opengl_games\16isosurf\engine\texture.cpp(40): warning C4018: '<': signed/unsigned mismatch
c:\opengl_games\16isosurf\engine\texture.cpp(55): warning C4018: '<': signed/unsigned mismatch
c:\opengl_games\16isosurf\engine\texture.cpp(413): warning C4244: '=': conversion from 'double' to 'unsigned char', possible loss of data
c:\opengl_games\16isosurf\engine\texture.cpp(414): warning C4244: '=': conversion from 'double' to 'unsigned char', possible loss of data
c:\opengl_games\16isosurf\engine\texture.cpp(415): warning C4244: '=': conversion from 'double' to 'unsigned char', possible loss of data
c:\opengl_games\16isosurf\engine\texture.cpp(446): warning C4018: '<': signed/unsigned mismatch
c:\opengl_games\16isosurf\engine\texture.cpp(614): warning C4018: '<': signed/unsigned mismatch
c:\opengl_games\16isosurf\engine\texture.cpp(798): warning C4018: '<': signed/unsigned mismatch
c:\opengl_games\16isosurf\engine\texture.cpp(802): warning C4244: '=': conversion from 'short' to 'unsigned char', possible loss of data
  Spritesheet.cpp
  Shader.cpp
  Quad.cpp
  PerlinNoise.cpp
  ObjModel.cpp
c:\opengl_games\16isosurf\engine\objmodel.cpp(321): warning C4018: '<': signed/unsigned mismatch
c:\opengl_games\16isosurf\engine\objmodel.cpp(358): warning C4018: '<': signed/unsigned mismatch
c:\opengl_games\16isosurf\engine\objmodel.cpp(442): warning C4018: '<': signed/unsigned mismatch
c:\opengl_games\16isosurf\engine\objmodel.cpp(448): warning C4018: '<': signed/unsigned mismatch
c:\opengl_games\16isosurf\engine\objmodel.cpp(455): warning C4018: '<': signed/unsigned mismatch
c:\opengl_games\16isosurf\engine\objmodel.cpp(463): warning C4018: '<': signed/unsigned mismatch
c:\opengl_games\16isosurf\engine\objmodel.cpp(470): warning C4018: '<': signed/unsigned mismatch
c:\opengl_games\16isosurf\engine\objmodel.cpp(489): warning C4018: '<': signed/unsigned mismatch
c:\opengl_games\16isosurf\engine\objmodel.cpp(507): warning C4018: '<': signed/unsigned mismatch
c:\opengl_games\16isosurf\engine\objmodel.cpp(526): warning C4018: '<': signed/unsigned mismatch
c:\opengl_games\16isosurf\engine\objmodel.cpp(600): warning C4018: '<': signed/unsigned mismatch
c:\opengl_games\16isosurf\engine\objmodel.cpp(618): warning C4018: '<': signed/unsigned mismatch
c:\opengl_games\16isosurf\engine\objmodel.cpp(641): warning C4018: '<': signed/unsigned mismatch
c:\opengl_games\16isosurf\engine\objmodel.cpp(651): warning C4018: '<': signed/unsigned mismatch
c:\opengl_games\16isosurf\engine\objmodel.cpp(652): warning C4018: '<': signed/unsigned mismatch
c:\opengl_games\16isosurf\engine\objmodel.cpp(688): warning C4018: '<': signed/unsigned mismatch
c:\opengl_games\16isosurf\engine\objmodel.cpp(730): warning C4018: '<': signed/unsigned mismatch
c:\opengl_games\16isosurf\engine\objmodel.cpp(745): warning C4018: '<': signed/unsigned mismatch
c:\opengl_games\16isosurf\engine\objmodel.cpp(746): warning C4018: '<': signed/unsigned mismatch
c:\opengl_games\16isosurf\engine\objmodel.cpp(822): warning C4018: '<': signed/unsigned mismatch
c:\opengl_games\16isosurf\engine\objmodel.cpp(907): warning C4018: '<': signed/unsigned mismatch
c:\opengl_games\16isosurf\engine\objmodel.cpp(941): warning C4018: '<': signed/unsigned mismatch
c:\opengl_games\16isosurf\engine\objmodel.cpp(953): warning C4018: '<': signed/unsigned mismatch
c:\opengl_games\16isosurf\engine\objmodel.cpp(979): warning C4018: '<': signed/unsigned mismatch
c:\opengl_games\16isosurf\engine\objmodel.cpp(1046): warning C4018: '<': signed/unsigned mismatch
c:\opengl_games\16isosurf\engine\objmodel.cpp(1216): warning C4018: '<': signed/unsigned mismatch
c:\opengl_games\16isosurf\engine\objmodel.cpp(1449): warning C4018: '<': signed/unsigned mismatch
c:\opengl_games\16isosurf\engine\objmodel.cpp(1477): warning C4244: '=': conversion from 'int' to 'float', possible loss of data
c:\opengl_games\16isosurf\engine\objmodel.cpp(1524): warning C4018: '<': signed/unsigned mismatch
c:\opengl_games\16isosurf\engine\objmodel.cpp(1693): warning C4018: '<': signed/unsigned mismatch
c:\opengl_games\16isosurf\engine\objmodel.cpp(1721): warning C4018: '<': signed/unsigned mismatch
c:\opengl_games\16isosurf\engine\objmodel.cpp(1741): warning C4018: '<': signed/unsigned mismatch
c:\opengl_games\16isosurf\engine\objmodel.cpp(1758): warning C4018: '<': signed/unsigned mismatch
c:\opengl_games\16isosurf\engine\objmodel.cpp(1773): warning C4018: '<': signed/unsigned mismatch
c:\opengl_games\16isosurf\engine\objmodel.cpp(1919): warning C4018: '<=': signed/unsigned mismatch
c:\opengl_games\16isosurf\engine\objmodel.cpp(1943): warning C4018: '<': signed/unsigned mismatch
c:\opengl_games\16isosurf\engine\objmodel.cpp(1949): warning C4018: '<': signed/unsigned mismatch
c:\opengl_games\16isosurf\engine\objmodel.cpp(1954): warning C4018: '<': signed/unsigned mismatch
c:\opengl_games\16isosurf\engine\objmodel.cpp(1967): warning C4018: '<': signed/unsigned mismatch
c:\opengl_games\16isosurf\engine\objmodel.cpp(2059): warning C4018: '<': signed/unsigned mismatch
  Transform.cpp
  TrackBall.cpp
  Tetraedron.cpp
  MeshTorus.cpp
c:\opengl_games\16isosurf\engine\meshobject\meshtorus.cpp(83): warning C4018: '<=': signed/unsigned mismatch
c:\opengl_games\16isosurf\engine\meshobject\meshtorus.cpp(90): warning C4018: '<=': signed/unsigned mismatch
c:\opengl_games\16isosurf\engine\meshobject\meshtorus.cpp(119): warning C4018: '<=': signed/unsigned mismatch
c:\opengl_games\16isosurf\engine\meshobject\meshtorus.cpp(124): warning C4018: '<=': signed/unsigned mismatch
c:\opengl_games\16isosurf\engine\meshobject\meshtorus.cpp(125): warning C4244: 'argument': conversion from 'double' to 'float', possible loss of data
c:\opengl_games\16isosurf\engine\meshobject\meshtorus.cpp(139): warning C4018: '<=': signed/unsigned mismatch
c:\opengl_games\16isosurf\engine\meshobject\meshtorus.cpp(147): warning C4018: '<=': signed/unsigned mismatch
c:\opengl_games\16isosurf\engine\meshobject\meshtorus.cpp(171): warning C4018: '<=': signed/unsigned mismatch
c:\opengl_games\16isosurf\engine\meshobject\meshtorus.cpp(179): warning C4018: '<=': signed/unsigned mismatch
c:\opengl_games\16isosurf\engine\meshobject\meshtorus.cpp(199): warning C4018: '<=': signed/unsigned mismatch
c:\opengl_games\16isosurf\engine\meshobject\meshtorus.cpp(207): warning C4018: '<=': signed/unsigned mismatch
c:\opengl_games\16isosurf\engine\meshobject\meshtorus.cpp(263): warning C4018: '<': signed/unsigned mismatch
c:\opengl_games\16isosurf\engine\meshobject\meshtorus.cpp(265): warning C4018: '<=': signed/unsigned mismatch
  MeshSpiral.cpp
c:\opengl_games\16isosurf\engine\meshobject\meshspiral.cpp(95): warning C4018: '<=': signed/unsigned mismatch
c:\opengl_games\16isosurf\engine\meshobject\meshspiral.cpp(105): warning C4018: '<=': signed/unsigned mismatch
c:\opengl_games\16isosurf\engine\meshobject\meshspiral.cpp(134): warning C4018: '<=': signed/unsigned mismatch
c:\opengl_games\16isosurf\engine\meshobject\meshspiral.cpp(144): warning C4018: '<=': signed/unsigned mismatch
c:\opengl_games\16isosurf\engine\meshobject\meshspiral.cpp(179): warning C4244: 'initializing': conversion from 'double' to 'float', possible loss of data
c:\opengl_games\16isosurf\engine\meshobject\meshspiral.cpp(185): warning C4018: '<=': signed/unsigned mismatch
c:\opengl_games\16isosurf\engine\meshobject\meshspiral.cpp(189): warning C4244: '=': conversion from 'double' to 'float', possible loss of data
c:\opengl_games\16isosurf\engine\meshobject\meshspiral.cpp(193): warning C4018: '<=': signed/unsigned mismatch
c:\opengl_games\16isosurf\engine\meshobject\meshspiral.cpp(194): warning C4244: 'argument': conversion from 'double' to 'float', possible loss of data
c:\opengl_games\16isosurf\engine\meshobject\meshspiral.cpp(214): warning C4018: '<=': signed/unsigned mismatch
c:\opengl_games\16isosurf\engine\meshobject\meshspiral.cpp(224): warning C4018: '<=': signed/unsigned mismatch
c:\opengl_games\16isosurf\engine\meshobject\meshspiral.cpp(266): warning C4018: '<': signed/unsigned mismatch
c:\opengl_games\16isosurf\engine\meshobject\meshspiral.cpp(268): warning C4018: '<': signed/unsigned mismatch
  MeshSphere.cpp
  MeshQuad.cpp
c:\opengl_games\16isosurf\engine\meshobject\meshquad.cpp(92): warning C4018: '<=': signed/unsigned mismatch
c:\opengl_games\16isosurf\engine\meshobject\meshquad.cpp(93): warning C4018: '<=': signed/unsigned mismatch
c:\opengl_games\16isosurf\engine\meshobject\meshquad.cpp(111): warning C4018: '<=': signed/unsigned mismatch
  MeshCylinder.cpp
  MeshCube.cpp
c:\opengl_games\16isosurf\engine\meshobject\meshcube.cpp(71): warning C4018: '<=': signed/unsigned mismatch
c:\opengl_games\16isosurf\engine\meshobject\meshcube.cpp(72): warning C4018: '<': signed/unsigned mismatch
c:\opengl_games\16isosurf\engine\meshobject\meshcube.cpp(99): warning C4018: '<=': signed/unsigned mismatch
c:\opengl_games\16isosurf\engine\meshobject\meshcube.cpp(127): warning C4018: '<=': signed/unsigned mismatch
c:\opengl_games\16isosurf\engine\meshobject\meshcube.cpp(156): warning C4018: '<=': signed/unsigned mismatch
c:\opengl_games\16isosurf\engine\meshobject\meshcube.cpp(157): warning C4018: '<': signed/unsigned mismatch
c:\opengl_games\16isosurf\engine\meshobject\meshcube.cpp(184): warning C4018: '<=': signed/unsigned mismatch
c:\opengl_games\16isosurf\engine\meshobject\meshcube.cpp(185): warning C4018: '<=': signed/unsigned mismatch
c:\opengl_games\16isosurf\engine\meshobject\meshcube.cpp(212): warning C4018: '<=': signed/unsigned mismatch
c:\opengl_games\16isosurf\engine\meshobject\meshcube.cpp(213): warning C4018: '<=': signed/unsigned mismatch
c:\opengl_games\16isosurf\engine\meshobject\meshcube.cpp(238): warning C4018: '<': signed/unsigned mismatch
c:\opengl_games\16isosurf\engine\meshobject\meshcube.cpp(240): warning C4018: '<': signed/unsigned mismatch
c:\opengl_games\16isosurf\engine\meshobject\meshcube.cpp(255): warning C4018: '<': signed/unsigned mismatch
c:\opengl_games\16isosurf\engine\meshobject\meshcube.cpp(268): warning C4018: '<=': signed/unsigned mismatch
c:\opengl_games\16isosurf\engine\meshobject\meshcube.cpp(268): warning C4018: '<': signed/unsigned mismatch
c:\opengl_games\16isosurf\engine\meshobject\meshcube.cpp(281): warning C4018: '<=': signed/unsigned mismatch
c:\opengl_games\16isosurf\engine\meshobject\meshcube.cpp(281): warning C4018: '<': signed/unsigned mismatch
c:\opengl_games\16isosurf\engine\meshobject\meshcube.cpp(294): warning C4018: '<=': signed/unsigned mismatch
c:\opengl_games\16isosurf\engine\meshobject\meshcube.cpp(294): warning C4018: '<': signed/unsigned mismatch
c:\opengl_games\16isosurf\engine\meshobject\meshcube.cpp(398): warning C4018: '<=': signed/unsigned mismatch
c:\opengl_games\16isosurf\engine\meshobject\meshcube.cpp(399): warning C4018: '<=': signed/unsigned mismatch
c:\opengl_games\16isosurf\engine\meshobject\meshcube.cpp(427): warning C4018: '<=': signed/unsigned mismatch
c:\opengl_games\16isosurf\engine\meshobject\meshcube.cpp(428): warning C4018: '<=': signed/unsigned mismatch
c:\opengl_games\16isosurf\engine\meshobject\meshcube.cpp(456): warning C4018: '<=': signed/unsigned mismatch
c:\opengl_games\16isosurf\engine\meshobject\meshcube.cpp(457): warning C4018: '<=': signed/unsigned mismatch
c:\opengl_games\16isosurf\engine\meshobject\meshcube.cpp(485): warning C4018: '<=': signed/unsigned mismatch
c:\opengl_games\16isosurf\engine\meshobject\meshcube.cpp(486): warning C4018: '<=': signed/unsigned mismatch
c:\opengl_games\16isosurf\engine\meshobject\meshcube.cpp(515): warning C4018: '<=': signed/unsigned mismatch
c:\opengl_games\16isosurf\engine\meshobject\meshcube.cpp(516): warning C4018: '<=': signed/unsigned mismatch
c:\opengl_games\16isosurf\engine\meshobject\meshcube.cpp(544): warning C4018: '<=': signed/unsigned mismatch
c:\opengl_games\16isosurf\engine\meshobject\meshcube.cpp(545): warning C4018: '<=': signed/unsigned mismatch
  Capsule.cpp
c:\opengl_games\16isosurf\engine\meshobject\capsule.cpp(179): warning C4018: '<': signed/unsigned mismatch
c:\opengl_games\16isosurf\engine\meshobject\capsule.cpp(184): warning C4018: '<': signed/unsigned mismatch
c:\opengl_games\16isosurf\engine\meshobject\capsule.cpp(190): warning C4018: '<': signed/unsigned mismatch
  MouseEventListener.cpp
  Mouse.cpp
c:\opengl_games\16isosurf\engine\input\mouse.cpp(179): warning C4244: '=': conversion from 'int' to 'float', possible loss of data
c:\opengl_games\16isosurf\engine\input\mouse.cpp(180): warning C4244: '=': conversion from 'int' to 'float', possible loss of data
c:\opengl_games\16isosurf\engine\input\mouse.cpp(203): warning C4244: '=': conversion from 'int' to 'float', possible loss of data
c:\opengl_games\16isosurf\engine\input\mouse.cpp(204): warning C4244: '=': conversion from 'int' to 'float', possible loss of data
c:\opengl_games\16isosurf\engine\input\mouse.cpp(229): warning C4838: conversion from 'UINT' to 'LONG' requires a narrowing conversion
c:\opengl_games\16isosurf\engine\input\mouse.cpp(274): warning C4244: '=': conversion from 'LONG' to 'float', possible loss of data
c:\opengl_games\16isosurf\engine\input\mouse.cpp(275): warning C4244: '=': conversion from 'LONG' to 'float', possible loss of data
  Generating Code...
  Compiling...
  KeyboardEventListener.cpp
  KeyBoard.cpp
  EventDispatcher.cpp
  ApplicationEventListener.cpp
  Framebuffer.cpp
  Cube.cpp
  Camera.cpp
c:\opengl_games\16isosurf\engine\camera.cpp(466): warning C4244: 'argument': conversion from 'double' to 'float', possible loss of data
c:\opengl_games\16isosurf\engine\camera.cpp(468): warning C4244: 'argument': conversion from 'double' to 'float', possible loss of data
c:\opengl_games\16isosurf\engine\camera.cpp(559): warning C4244: 'argument': conversion from 'double' to 'float', possible loss of data
c:\opengl_games\16isosurf\engine\camera.cpp(561): warning C4244: 'argument': conversion from 'double' to 'float', possible loss of data
c:\opengl_games\16isosurf\engine\camera.cpp(669): warning C4267: '=': conversion from 'size_t' to 'short', possible loss of data
  BuiltInShader.cpp
  AnimationShader.cpp
c:\opengl_games\16isosurf\engine\animation\colladaloader\colladaloader.h(44): warning C4018: '<': signed/unsigned mismatch
c:\opengl_games\16isosurf\engine\animation\render\animationshader.cpp(13): warning C4267: 'argument': conversion from 'size_t' to 'const unsigned short', possible loss of data
  ColladaLoader.cpp
c:\opengl_games\16isosurf\engine\animation\colladaloader\colladaloader.h(44): warning C4018: '<': signed/unsigned mismatch
c:\opengl_games\16isosurf\engine\animation\colladaloader\colladaloader.cpp(130): warning C4244: 'initializing': conversion from 'double' to 'float', possible loss of data
c:\opengl_games\16isosurf\engine\animation\colladaloader\colladaloader.cpp(133): warning C4018: '<': signed/unsigned mismatch
c:\opengl_games\16isosurf\engine\animation\colladaloader\colladaloader.cpp(134): warning C4244: '=': conversion from 'double' to 'float', possible loss of data
c:\opengl_games\16isosurf\engine\animation\colladaloader\colladaloader.cpp(148): warning C4244: 'initializing': conversion from 'double' to 'float', possible loss of data
c:\opengl_games\16isosurf\engine\animation\colladaloader\colladaloader.cpp(151): warning C4018: '<': signed/unsigned mismatch
c:\opengl_games\16isosurf\engine\animation\colladaloader\colladaloader.cpp(152): warning C4244: '=': conversion from 'double' to 'float', possible loss of data
c:\opengl_games\16isosurf\engine\animation\colladaloader\colladaloader.cpp(166): warning C4244: 'initializing': conversion from 'double' to 'float', possible loss of data
c:\opengl_games\16isosurf\engine\animation\colladaloader\colladaloader.cpp(169): warning C4018: '<': signed/unsigned mismatch
c:\opengl_games\16isosurf\engine\animation\colladaloader\colladaloader.cpp(170): warning C4244: '=': conversion from 'double' to 'float', possible loss of data
c:\opengl_games\16isosurf\engine\animation\colladaloader\colladaloader.cpp(254): warning C4244: 'argument': conversion from 'double' to 'float', possible loss of data
c:\opengl_games\16isosurf\engine\animation\colladaloader\colladaloader.cpp(256): warning C4244: 'argument': conversion from 'double' to 'float', possible loss of data
c:\opengl_games\16isosurf\engine\animation\colladaloader\colladaloader.cpp(273): warning C4244: 'argument': conversion from 'int' to 'float', possible loss of data
c:\opengl_games\16isosurf\engine\animation\colladaloader\colladaloader.cpp(275): warning C4244: 'argument': conversion from 'int' to 'float', possible loss of data
c:\opengl_games\16isosurf\engine\animation\colladaloader\colladaloader.cpp(291): warning C4018: '<': signed/unsigned mismatch
c:\opengl_games\16isosurf\engine\animation\colladaloader\colladaloader.cpp(318): warning C4838: conversion from 'int' to 'float' requires a narrowing conversion
c:\opengl_games\16isosurf\engine\animation\colladaloader\colladaloader.cpp(318): warning C4244: 'initializing': conversion from 'int' to 'float', possible loss of data
c:\opengl_games\16isosurf\engine\animation\colladaloader\colladaloader.cpp(326): warning C4838: conversion from 'int' to 'float' requires a narrowing conversion
c:\opengl_games\16isosurf\engine\animation\colladaloader\colladaloader.cpp(326): warning C4244: 'initializing': conversion from 'int' to 'float', possible loss of data
c:\opengl_games\16isosurf\engine\animation\colladaloader\colladaloader.cpp(334): warning C4838: conversion from 'int' to 'float' requires a narrowing conversion
c:\opengl_games\16isosurf\engine\animation\colladaloader\colladaloader.cpp(334): warning C4244: 'initializing': conversion from 'int' to 'float', possible loss of data
c:\opengl_games\16isosurf\engine\animation\colladaloader\colladaloader.cpp(351): warning C4018: '<': signed/unsigned mismatch
c:\opengl_games\16isosurf\engine\animation\colladaloader\colladaloader.cpp(355): warning C4244: 'argument': conversion from 'double' to 'float', possible loss of data
c:\opengl_games\16isosurf\engine\animation\colladaloader\colladaloader.cpp(356): warning C4838: conversion from 'float' to 'unsigned int' requires a narrowing conversion
c:\opengl_games\16isosurf\engine\animation\colladaloader\colladaloader.cpp(356): warning C4244: 'initializing': conversion from 'float' to 'unsigned int', possible loss of data
c:\opengl_games\16isosurf\engine\animation\colladaloader\colladaloader.cpp(421): warning C4244: '=': conversion from 'double' to 'float', possible loss of data
c:\opengl_games\16isosurf\engine\animation\colladaloader\colladaloader.cpp(426): warning C4244: '=': conversion from 'double' to 'float', possible loss of data
c:\opengl_games\16isosurf\engine\animation\colladaloader\colladaloader.cpp(454): warning C4244: '=': conversion from 'double' to 'float', possible loss of data
c:\opengl_games\16isosurf\engine\animation\colladaloader\colladaloader.cpp(459): warning C4244: '=': conversion from 'double' to 'float', possible loss of data
c:\opengl_games\16isosurf\engine\animation\colladaloader\colladaloader.cpp(481): warning C4018: '<': signed/unsigned mismatch
c:\opengl_games\16isosurf\engine\animation\colladaloader\colladaloader.cpp(537): warning C4244: 'argument': conversion from 'double' to 'float', possible loss of data
c:\opengl_games\16isosurf\engine\animation\colladaloader\colladaloader.cpp(540): warning C4244: 'argument': conversion from 'double' to 'float', possible loss of data
c:\opengl_games\16isosurf\engine\animation\colladaloader\colladaloader.cpp(558): warning C4244: '=': conversion from 'double' to 'float', possible loss of data
c:\opengl_games\16isosurf\engine\animation\colladaloader\colladaloader.cpp(564): warning C4244: '=': conversion from 'double' to 'float', possible loss of data
  Animator.cpp
c:\opengl_games\16isosurf\engine\animation\colladaloader\colladaloader.h(44): warning C4018: '<': signed/unsigned mismatch
c:\opengl_games\16isosurf\engine\animation\animator\animator.cpp(15): warning C4244: 'initializing': conversion from 'double' to 'float', possible loss of data
c:\opengl_games\16isosurf\engine\animation\animator\animator.cpp(89): warning C4244: 'initializing': conversion from 'double' to 'float', possible loss of data
c:\opengl_games\16isosurf\engine\animation\animator\animator.cpp(90): warning C4244: 'initializing': conversion from 'double' to 'float', possible loss of data
  Animation.cpp
c:\opengl_games\16isosurf\engine\animation\colladaloader\colladaloader.h(44): warning C4018: '<': signed/unsigned mismatch
  Animator2D.cpp
  AnimatedModel.cpp
c:\opengl_games\16isosurf\engine\animation\colladaloader\colladaloader.h(44): warning C4018: '<': signed/unsigned mismatch
  AnimatedMesh.cpp
c:\opengl_games\16isosurf\engine\animation\colladaloader\colladaloader.h(44): warning C4018: '<': signed/unsigned mismatch
c:\opengl_games\16isosurf\engine\animation\animatedmodel\animatedmesh.cpp(90): warning C4018: '<': signed/unsigned mismatch
c:\opengl_games\16isosurf\engine\animation\animatedmodel\animatedmesh.cpp(119): warning C4018: '<': signed/unsigned mismatch
  Cubemap.cpp
c:\opengl_games\16isosurf\cubemap.cpp(21): warning C4018: '<': signed/unsigned mismatch
c:\opengl_games\16isosurf\cubemap.cpp(36): warning C4018: '<': signed/unsigned mismatch
  CharacterSetBmp.cpp
  Bloom.cpp
c:\opengl_games\16isosurf\bloom.cpp(112): warning C4244: 'argument': conversion from 'float' to 'GLsizei', possible loss of data
c:\opengl_games\16isosurf\bloom.cpp(150): warning C4244: 'argument': conversion from 'float' to 'GLsizei', possible loss of data
  Barrel.cpp
  Application.cpp
c:\opengl_games\16isosurf\engine\trackball.h(114): warning C4244: 'initializing': conversion from 'int' to 'float', possible loss of data
c:\opengl_games\16isosurf\engine\trackball.h(117): warning C4244: 'argument': conversion from 'int' to 'float', possible loss of data
c:\opengl_games\16isosurf\engine\trackball.h(118): warning C4244: 'argument': conversion from 'int' to 'float', possible loss of data
c:\opengl_games\16isosurf\engine\trackball.h(144): warning C4244: 'argument': conversion from 'int' to 'float', possible loss of data
c:\opengl_games\16isosurf\engine\trackball.h(153): warning C4244: 'argument': conversion from 'int' to 'float', possible loss of data
  Generating Code...
  wfETC.c
  SOIL2.c
  image_helper.c
  image_DXT.c
  Generating Code...
  16Isosurf.vcxproj -> C:\OpenGL_Games\Debug\16Isosurf.exe
  16Isosurf.vcxproj -> C:\OpenGL_Games\Debug\16Isosurf.pdb (Full PDB)
