c:\opengl_games\16isosurf\debug\vc140.pdb
c:\opengl_games\16isosurf\debug\vc140.idb
c:\opengl_games\16isosurf\debug\fern.obj
c:\opengl_games\16isosurf\debug\fluidsystem.obj
c:\opengl_games\16isosurf\debug\game.obj
c:\opengl_games\16isosurf\debug\main.obj
c:\opengl_games\16isosurf\debug\object.obj
c:\opengl_games\16isosurf\debug\quadtree.obj
c:\opengl_games\16isosurf\debug\ray.obj
c:\opengl_games\16isosurf\debug\renderableobject.obj
c:\opengl_games\16isosurf\debug\skybox.obj
c:\opengl_games\16isosurf\debug\statemachine.obj
c:\opengl_games\16isosurf\debug\terrain.obj
c:\opengl_games\16isosurf\debug\terrain2.obj
c:\opengl_games\16isosurf\debug\text.obj
c:\opengl_games\16isosurf\debug\tinystr.obj
c:\opengl_games\16isosurf\debug\tinyxml.obj
c:\opengl_games\16isosurf\debug\tinyxmlerror.obj
c:\opengl_games\16isosurf\debug\tinyxmlparser.obj
c:\opengl_games\16isosurf\debug\tree.obj
c:\opengl_games\16isosurf\debug\volumebuffer.obj
c:\opengl_games\16isosurf\debug\water.obj
c:\opengl_games\16isosurf\debug\mouse.obj
c:\opengl_games\16isosurf\debug\mouseeventlistener.obj
c:\opengl_games\16isosurf\debug\capsule.obj
c:\opengl_games\16isosurf\debug\meshcube.obj
c:\opengl_games\16isosurf\debug\meshcylinder.obj
c:\opengl_games\16isosurf\debug\meshquad.obj
c:\opengl_games\16isosurf\debug\meshsphere.obj
c:\opengl_games\16isosurf\debug\meshspiral.obj
c:\opengl_games\16isosurf\debug\meshtorus.obj
c:\opengl_games\16isosurf\debug\tetraedron.obj
c:\opengl_games\16isosurf\debug\trackball.obj
c:\opengl_games\16isosurf\debug\transform.obj
c:\opengl_games\16isosurf\debug\objmodel.obj
c:\opengl_games\16isosurf\debug\perlinnoise.obj
c:\opengl_games\16isosurf\debug\quad.obj
c:\opengl_games\16isosurf\debug\shader.obj
c:\opengl_games\16isosurf\debug\spritesheet.obj
c:\opengl_games\16isosurf\debug\texture.obj
c:\opengl_games\16isosurf\debug\vector.obj
c:\opengl_games\16isosurf\debug\entity.obj
c:\opengl_games\16isosurf\debug\application.obj
c:\opengl_games\16isosurf\debug\barrel.obj
c:\opengl_games\16isosurf\debug\bloom.obj
c:\opengl_games\16isosurf\debug\charactersetbmp.obj
c:\opengl_games\16isosurf\debug\cubemap.obj
c:\opengl_games\16isosurf\debug\animatedmesh.obj
c:\opengl_games\16isosurf\debug\animatedmodel.obj
c:\opengl_games\16isosurf\debug\animator2d.obj
c:\opengl_games\16isosurf\debug\animation.obj
c:\opengl_games\16isosurf\debug\animator.obj
c:\opengl_games\16isosurf\debug\colladaloader.obj
c:\opengl_games\16isosurf\debug\animationshader.obj
c:\opengl_games\16isosurf\debug\builtinshader.obj
c:\opengl_games\16isosurf\debug\camera.obj
c:\opengl_games\16isosurf\debug\cube.obj
c:\opengl_games\16isosurf\debug\framebuffer.obj
c:\opengl_games\16isosurf\debug\applicationeventlistener.obj
c:\opengl_games\16isosurf\debug\eventdispatcher.obj
c:\opengl_games\16isosurf\debug\keyboard.obj
c:\opengl_games\16isosurf\debug\keyboardeventlistener.obj
c:\opengl_games\16isosurf\debug\image_dxt.obj
c:\opengl_games\16isosurf\debug\image_helper.obj
c:\opengl_games\16isosurf\debug\soil2.obj
c:\opengl_games\16isosurf\debug\wfetc.obj
c:\opengl_games\debug\16isosurf.ilk
c:\opengl_games\debug\16isosurf.exe
c:\opengl_games\debug\16isosurf.pdb
c:\opengl_games\16isosurf\debug\16isosurf.tlog\cl.command.1.tlog
c:\opengl_games\16isosurf\debug\16isosurf.tlog\cl.read.1.tlog
c:\opengl_games\16isosurf\debug\16isosurf.tlog\cl.write.1.tlog
c:\opengl_games\16isosurf\debug\16isosurf.tlog\link.command.1.tlog
c:\opengl_games\16isosurf\debug\16isosurf.tlog\link.read.1.tlog
c:\opengl_games\16isosurf\debug\16isosurf.tlog\link.write.1.tlog
